[INFO] Scanning for projects...
[INFO] 
[INFO] --------------------< com.medai:medical-diagnosis >---------------------
[INFO] Building medical-diagnosis 1.0.0
[INFO]   from pom.xml
[INFO] --------------------------------[ jar ]---------------------------------
[INFO] 
[INFO] >>> spring-boot:3.2.5:run (default-cli) > test-compile @ medical-diagnosis >>>
[INFO] 
[INFO] --- resources:3.3.1:resources (default-resources) @ medical-diagnosis ---
[INFO] Copying 1 resource from src\main\resources to target\classes
[INFO] Copying 6 resources from src\main\resources to target\classes
[INFO] 
[INFO] --- compiler:3.11.0:compile (default-compile) @ medical-diagnosis ---
[INFO] Nothing to compile - all classes are up to date
[INFO] 
[INFO] --- resources:3.3.1:testResources (default-testResources) @ medical-diagnosis ---
[INFO] skip non existing resourceDirectory D:\medical-diagnosis\src\test\resources
[INFO] 
[INFO] --- compiler:3.11.0:testCompile (default-testCompile) @ medical-diagnosis ---
[INFO] Nothing to compile - all classes are up to date
[INFO] 
[INFO] <<< spring-boot:3.2.5:run (default-cli) < test-compile @ medical-diagnosis <<<
[INFO] 
[INFO] 
[INFO] --- spring-boot:3.2.5:run (default-cli) @ medical-diagnosis ---
[INFO] Attaching agents: []

  .   ____          _            __ _ _
 /\\ / ___'_ __ _ _(_)_ __  __ _ \ \ \ \
( ( )\___ | '_ | '_| | '_ \/ _` | \ \ \ \
 \\/  ___)| |_)| | | | | || (_| |  ) ) ) )
  '  |____| .__|_| |_|_| |_\__, | / / / /
 =========|_|==============|___/=/_/_/_/
 :: Spring Boot ::                (v3.2.5)

2026-02-23T12:32:14.988+05:30  INFO 30316 --- [           main] c.m.m.MedicalDiagnosisApplication        : Starting MedicalDiagnosisApplication using Java 17.0.17 with PID 30316 (D:\medical-diagnosis\target\classes started by A.Prem sagar in D:\medical-diagnosis)
2026-02-23T12:32:14.995+05:30  INFO 30316 --- [           main] c.m.m.MedicalDiagnosisApplication        : No active profile set, falling back to 1 default profile: "default"
2026-02-23T12:32:15.554+05:30  INFO 30316 --- [           main] .s.d.r.c.RepositoryConfigurationDelegate : Bootstrapping Spring Data JPA repositories in DEFAULT mode.
2026-02-23T12:32:15.603+05:30  INFO 30316 --- [           main] .s.d.r.c.RepositoryConfigurationDelegate : Finished Spring Data repository scanning in 43 ms. Found 2 JPA repository interfaces.
2026-02-23T12:32:16.061+05:30  INFO 30316 --- [           main] o.s.b.w.embedded.tomcat.TomcatWebServer  : Tomcat initialized with port 8080 (http)
2026-02-23T12:32:16.068+05:30  INFO 30316 --- [           main] o.apache.catalina.core.StandardService   : Starting service [Tomcat]
2026-02-23T12:32:16.068+05:30  INFO 30316 --- [           main] o.apache.catalina.core.StandardEngine    : Starting Servlet engine: [Apache Tomcat/10.1.20]
2026-02-23T12:32:16.120+05:30  INFO 30316 --- [           main] o.a.c.c.C.[Tomcat].[localhost].[/]       : Initializing Spring embedded WebApplicationContext
2026-02-23T12:32:16.120+05:30  INFO 30316 --- [           main] w.s.c.ServletWebServerApplicationContext : Root WebApplicationContext: initialization completed in 1076 ms
2026-02-23T12:32:16.145+05:30  INFO 30316 --- [           main] com.zaxxer.hikari.HikariDataSource       : HikariPool-1 - Starting...
2026-02-23T12:32:16.278+05:30  INFO 30316 --- [           main] com.zaxxer.hikari.pool.HikariPool        : HikariPool-1 - Added connection conn0: url=jdbc:h2:mem:medai_db user=SA
2026-02-23T12:32:16.280+05:30  INFO 30316 --- [           main] com.zaxxer.hikari.HikariDataSource       : HikariPool-1 - Start completed.
2026-02-23T12:32:16.286+05:30  INFO 30316 --- [           main] o.s.b.a.h2.H2ConsoleAutoConfiguration    : H2 console available at '/h2-console'. Database available at 'jdbc:h2:mem:medai_db'
2026-02-23T12:32:16.369+05:30  INFO 30316 --- [           main] o.hibernate.jpa.internal.util.LogHelper  : HHH000204: Processing PersistenceUnitInfo [name: default]
2026-02-23T12:32:16.417+05:30  INFO 30316 --- [           main] org.hibernate.Version                    : HHH000412: Hibernate ORM core version 6.4.4.Final
2026-02-23T12:32:16.445+05:30  INFO 30316 --- [           main] o.h.c.internal.RegionFactoryInitiator    : HHH000026: Second-level cache disabled
2026-02-23T12:32:16.645+05:30  INFO 30316 --- [           main] o.s.o.j.p.SpringPersistenceUnitInfo      : No LoadTimeWeaver setup: ignoring JPA class transformer
2026-02-23T12:32:16.683+05:30  WARN 30316 --- [           main] org.hibernate.orm.deprecation            : HHH90000025: H2Dialect does not need to be specified explicitly using 'hibernate.dialect' (remove the property setting and it will be selected by default)
2026-02-23T12:32:17.341+05:30  INFO 30316 --- [           main] o.h.e.t.j.p.i.JtaPlatformInitiator       : HHH000489: No JTA platform available (set 'hibernate.transaction.jta.platform' to enable JTA platform integration)
Hibernate: create table symptom_checks (id bigint generated by default as identity, created_at timestamp(6), diagnosis varchar(255), medicine varchar(255), prevention varchar(255), symptoms varchar(255), user_id bigint not null, primary key (id))
Hibernate: create table users (id bigint generated by default as identity, email varchar(255), name varchar(255), password varchar(255), role varchar(255), primary key (id))
Hibernate: alter table if exists users drop constraint if exists UK_6dotkott2kjsp8vw4d0m25fb7
Hibernate: alter table if exists users add constraint UK_6dotkott2kjsp8vw4d0m25fb7 unique (email)
Hibernate: alter table if exists symptom_checks add constraint FK28raj20bacvnd0yqbo7a32mtg foreign key (user_id) references users
2026-02-23T12:32:17.392+05:30  INFO 30316 --- [           main] j.LocalContainerEntityManagerFactoryBean : Initialized JPA EntityManagerFactory for persistence unit 'default'
2026-02-23T12:32:17.621+05:30  WARN 30316 --- [           main] JpaBaseConfiguration$JpaWebConfiguration : spring.jpa.open-in-view is enabled by default. Therefore, database queries may be performed during view rendering. Explicitly configure spring.jpa.open-in-view to disable this warning
2026-02-23T12:32:17.685+05:30  INFO 30316 --- [           main] o.s.b.a.w.s.WelcomePageHandlerMapping    : Adding welcome page: class path resource [static/index.html]
2026-02-23T12:32:17.810+05:30  INFO 30316 --- [           main] o.s.s.web.DefaultSecurityFilterChain     : Will secure any request with [org.springframework.security.web.session.DisableEncodeUrlFilter@14745c3c, org.springframework.security.web.context.request.async.WebAsyncManagerIntegrationFilter@6bbb3280, org.springframework.security.web.context.SecurityContextHolderFilter@136a4800, org.springframework.security.web.header.HeaderWriterFilter@7bdf8c92, org.springframework.web.filter.CorsFilter@7dda5b25, org.springframework.security.web.authentication.logout.LogoutFilter@59263f7b, org.springframework.security.web.authentication.UsernamePasswordAuthenticationFilter@5b3c11ce, org.springframework.security.web.savedrequest.RequestCacheAwareFilter@3333245e, org.springframework.security.web.servletapi.SecurityContextHolderAwareRequestFilter@147c4523, org.springframework.security.web.authentication.AnonymousAuthenticationFilter@3e371088, org.springframework.security.web.access.ExceptionTranslationFilter@5fe024a7, org.springframework.security.web.access.intercept.AuthorizationFilter@43aa767]
2026-02-23T12:32:17.981+05:30  INFO 30316 --- [           main] o.s.b.w.embedded.tomcat.TomcatWebServer  : Tomcat started on port 8080 (http) with context path ''
2026-02-23T12:32:17.988+05:30  INFO 30316 --- [           main] c.m.m.MedicalDiagnosisApplication        : Started MedicalDiagnosisApplication in 3.277 seconds (process running for 3.572)
2026-02-23T12:32:40.229+05:30  INFO 30316 --- [nio-8080-exec-1] o.a.c.c.C.[Tomcat].[localhost].[/]       : Initializing Spring DispatcherServlet 'dispatcherServlet'
2026-02-23T12:32:40.229+05:30  INFO 30316 --- [nio-8080-exec-1] o.s.web.servlet.DispatcherServlet        : Initializing Servlet 'dispatcherServlet'
2026-02-23T12:32:40.230+05:30  INFO 30316 --- [nio-8080-exec-1] o.s.web.servlet.DispatcherServlet        : Completed initialization in 1 ms
2026-02-23T13:17:14.468+05:30  WARN 30316 --- [l-1 housekeeper] com.zaxxer.hikari.pool.HikariPool        : HikariPool-1 - Thread starvation or clock leap detected (housekeeper delta=36m57s958ms693╡s500ns).
